<?xml version="1.0" encoding="UTF-8"?>
<testExecutions version="1">
  <file path="C:\Users\vmarti23\marvel-app\src\api\characters-api.test.js">
    <testCase name="characters-api getCharacters should return the list of characters with default order" duration="20"/>
    <testCase name="characters-api getCharacters should return the list of characters ordered by name ascending" duration="1"/>
    <testCase name="characters-api getCharacters should return the list of characters ordered by name descending" duration="1"/>
    <testCase name="characters-api getCharacters should return the list of characters ordered by modified field ascending" duration="1"/>
    <testCase name="characters-api getCharacters should return the list of characters ordered by modified field descending" duration="0"/>
    <testCase name="characters-api getCharacterById should return the character with the given id" duration="0"/>
    <testCase name="characters-api getCharacterById should throw an error if the character with the given id is not found" duration="17"/>
  </file>
  <file path="C:\Users\vmarti23\marvel-app\src\components\NumberOfCharacters.test.jsx">
    <testCase name="NumberOfCharacters renders &quot;There is no character&quot; when no characters are provided" duration="39"/>
    <testCase name="NumberOfCharacters renders &quot;There is no character&quot; when characters array is empty" duration="4"/>
    <testCase name="NumberOfCharacters renders the correct number of characters when characters array is not empty" duration="9"/>
    <testCase name="NumberOfCharacters renders &quot;There is 1 character&quot; when characters array has only one character" duration="3"/>
  </file>
  <file path="C:\Users\vmarti23\marvel-app\src\components\D3PieChart.test.jsx">
    <testCase name="D3PieChart renders D3PieChart with label and value" duration="70"/>
  </file>
  <file path="C:\Users\vmarti23\marvel-app\src\pages\AboutPage.test.jsx">
    <testCase name="AboutPage sets the document title correctly" duration="91"/>
  </file>
  <file path="C:\Users\vmarti23\marvel-app\src\pages\ContactPage.test.jsx">
    <testCase name="ContactPage sets the document title correctly" duration="99"/>
  </file>
  <file path="C:\Users\vmarti23\marvel-app\src\Layout.test.jsx">
    <testCase name="renders the layout with correct elements" duration="127"/>
  </file>
  <file path="C:\Users\vmarti23\marvel-app\src\components\chart-utils.test.jsx">
    <testCase name="prepareData should return an empty array when no data is provided" duration="2"/>
    <testCase name="prepareData should return the correct transformed data when all values are provided" duration="1"/>
    <testCase name="prepareData should filter out elements with undefined values" duration="0"/>
    <testCase name="prepareData should handle partial data correctly" duration="1"/>
  </file>
  <file path="C:\Users\vmarti23\marvel-app\src\pages\CharacterDetailPage.test.jsx">
    <testCase name="CharacterDetailPage Component renders &quot;loading...&quot; when character data is not loaded" duration="24"/>
    <testCase name="CharacterDetailPage Component renders CharacterDetail when character data is loaded" duration="9"/>
    <testCase name="CharacterDetailPage Component renders CharacterDetail component when character data is loaded" duration="4"/>
    <testCase name="CharacterDetailPage Component renders D3PieChart and RechartsPieChart components when character data is loaded" duration="3"/>
    <testCase name="CharacterDetailPage Component sets document title correctly when character data is loaded" duration="4"/>
  </file>
  <file path="C:\Users\vmarti23\marvel-app\src\components\FormattedDate.test.jsx">
    <testCase name="FormattedDate renders correctly with a valid date" duration="29"/>
    <testCase name="FormattedDate handles an invalid date gracefully" duration="13"/>
    <testCase name="FormattedDate renders correctly with different date formats" duration="2"/>
  </file>
  <file path="C:\Users\vmarti23\marvel-app\src\components\CharacterDetail.test.jsx">
    <testCase name="renders the character detail correctly" duration="39"/>
    <testCase name="does not render the character thumbnail image when not provided" duration="5"/>
    <testCase name="renders &quot;no character&quot; when character is not provided" duration="3"/>
  </file>
  <file path="C:\Users\vmarti23\marvel-app\src\pages\CharactersPage.test.jsx">
    <testCase name="CharactersPage render CharactersPage component" duration="80"/>
    <testCase name="CharactersPage render CharactersPage component with order and orderBy from search params" duration="25"/>
    <testCase name="CharactersPage render CharactersPage component with order and orderBy when the select changes" duration="15"/>
  </file>
  <file path="C:\Users\vmarti23\marvel-app\src\components\RechartsPieChart.test.jsx">
    <testCase name="RechartsPieChart renders RechartsPieChart" duration="66"/>
  </file>
  <file path="C:\Users\vmarti23\marvel-app\src\components\CharactersList.test.jsx">
    <testCase name="renders an empty list when no characters are provided" duration="67"/>
    <testCase name="renders an empty list when characters is empty" duration="6"/>
    <testCase name="renders the correct number of list items when characters are provided" duration="16"/>
  </file>
</testExecutions>