<?xml version="1.0" encoding="UTF-8"?>
<testExecutions version="1">
  <file path="C:\Users\vmarti23\marvel-app\src\pages\CharacterDetailPage.test.jsx">
    <testCase name="CharacterDetailPage Component renders &quot;loading...&quot; when character data is not loaded" duration="31"/>
    <testCase name="CharacterDetailPage Component renders CharacterDetail when character data is loaded" duration="9"/>
    <testCase name="CharacterDetailPage Component renders CharacterDetail component when character data is loaded" duration="3"/>
    <testCase name="CharacterDetailPage Component renders D3PieChart and RechartsPieChart components when character data is loaded" duration="6"/>
    <testCase name="CharacterDetailPage Component sets document title correctly when character data is loaded" duration="3"/>
  </file>
  <file path="C:\Users\vmarti23\marvel-app\src\Layout.test.jsx">
    <testCase name="renders the layout with correct elements" duration="89"/>
  </file>
  <file path="C:\Users\vmarti23\marvel-app\src\components\FormattedDate.test.jsx">
    <testCase name="FormattedDate renders correctly with a valid date" duration="23"/>
    <testCase name="FormattedDate handles an invalid date gracefully" duration="7"/>
    <testCase name="FormattedDate renders correctly with different date formats" duration="2"/>
  </file>
  <file path="C:\Users\vmarti23\marvel-app\src\components\CharacterDetail.test.jsx">
    <testCase name="renders the character detail correctly" duration="29"/>
    <testCase name="does not render the character thumbnail image when not provided" duration="3"/>
    <testCase name="renders &quot;no character&quot; when character is not provided" duration="2"/>
  </file>
  <file path="C:\Users\vmarti23\marvel-app\src\components\CharactersList.test.jsx">
    <testCase name="renders an empty list when no characters are provided" duration="59"/>
    <testCase name="renders an empty list when characters is empty" duration="7"/>
    <testCase name="renders the correct number of list items when characters are provided" duration="17"/>
  </file>
  <file path="C:\Users\vmarti23\marvel-app\src\pages\CharactersPage.test.jsx">
    <testCase name="CharactersPage render CharactersPage component" duration="68"/>
    <testCase name="CharactersPage render CharactersPage component with order and orderBy from search params" duration="23"/>
    <testCase name="CharactersPage render CharactersPage component with order and orderBy when the select changes" duration="13"/>
  </file>
</testExecutions>