<?xml version="1.0" encoding="UTF-8"?>
<testExecutions version="1">
  <file path="C:\Users\vmarti23\marvel-app\src\components\CharactersList.test.jsx">
    <testCase name="renders an empty list when no characters are provided" duration="110"/>
    <testCase name="renders an empty list when characters is empty" duration="8"/>
    <testCase name="renders the correct number of list items when characters are provided" duration="15"/>
  </file>
</testExecutions>